2025-11-30T16:07:29.234+03:00  INFO 41008 --- [main] com.ImportCustomerServiceApplication     : Starting ImportCustomerServiceApplication using Java 22.0.2 with PID 41008 (D:\TradesAnalysis\rentey-automation\import-customer-service\target\classes started by eyadm in D:\TradesAnalysis\rentey-automation)
2025-11-30T16:07:29.237+03:00 DEBUG 41008 --- [main] com.ImportCustomerServiceApplication     : Running with Spring Boot v3.1.1, Spring v6.0.10
2025-11-30T16:07:29.237+03:00  INFO 41008 --- [main] com.ImportCustomerServiceApplication     : No active profile set, falling back to 1 default profile: "default"
2025-11-30T16:07:30.246+03:00  INFO 41008 --- [main] o.s.b.w.embedded.tomcat.TomcatWebServer  : Tomcat initialized with port(s): 8090 (http)
2025-11-30T16:07:30.261+03:00  INFO 41008 --- [main] o.apache.catalina.core.StandardService   : Starting service [Tomcat]
2025-11-30T16:07:30.261+03:00  INFO 41008 --- [main] o.apache.catalina.core.StandardEngine    : Starting Servlet engine: [Apache Tomcat/10.1.10]
2025-11-30T16:07:30.330+03:00  INFO 41008 --- [main] o.a.c.c.C.[Tomcat].[localhost].[/]       : Initializing Spring embedded WebApplicationContext
2025-11-30T16:07:30.331+03:00  INFO 41008 --- [main] w.s.c.ServletWebServerApplicationContext : Root WebApplicationContext: initialization completed in 1058 ms
2025-11-30T16:07:30.458+03:00 DEBUG 41008 --- [main] com.services.RenteyServiceManager        : Found project root at: D:\TradesAnalysis\rentey-automation
2025-11-30T16:07:30.737+03:00  INFO 41008 --- [main] o.s.b.w.embedded.tomcat.TomcatWebServer  : Tomcat started on port(s): 8090 (http) with context path ''
2025-11-30T16:07:30.747+03:00  INFO 41008 --- [main] com.ImportCustomerServiceApplication     : Started ImportCustomerServiceApplication in 1.919 seconds (process running for 2.154)
2025-11-30T16:07:32.553+03:00  INFO 41008 --- [http-nio-8090-exec-1] o.a.c.c.C.[Tomcat].[localhost].[/]       : Initializing Spring DispatcherServlet 'dispatcherServlet'
2025-11-30T16:07:32.553+03:00  INFO 41008 --- [http-nio-8090-exec-1] o.s.web.servlet.DispatcherServlet        : Initializing Servlet 'dispatcherServlet'
2025-11-30T16:07:32.554+03:00  INFO 41008 --- [http-nio-8090-exec-1] o.s.web.servlet.DispatcherServlet        : Completed initialization in 1 ms
2025-11-30T16:07:32.702+03:00  INFO 41008 --- [http-nio-8090-exec-1] com.services.RenteyServiceManager        : rentey-service is already running on port 8089
2025-11-30T16:07:33.113+03:00 ERROR 41008 --- [reactor-http-nio-2] com.clients.RenteyServiceClient          : rentey-service returned error - Status: 500 INTERNAL_SERVER_ERROR, Response Body: {"timestamp":"2025-11-30T13:07:33.040+00:00","status":500,"error":"Internal Server Error","path":"/api/services/app/Customer/CreateOrUpdateCustomer"}
2025-11-30T16:07:33.113+03:00 ERROR 41008 --- [reactor-http-nio-2] c.controllers.ImportCustomerController   : Error creating/updating customer: 500 Internal Server Error from POST http://localhost:8089/api/services/app/Customer/CreateOrUpdateCustomer

org.springframework.web.reactive.function.client.WebClientResponseException$InternalServerError: 500 Internal Server Error from POST http://localhost:8089/api/services/app/Customer/CreateOrUpdateCustomer
	at org.springframework.web.reactive.function.client.WebClientResponseException.create(WebClientResponseException.java:330) ~[spring-webflux-6.0.10.jar:6.0.10]
	Suppressed: reactor.core.publisher.FluxOnAssembly$OnAssemblyException: 
Error has been observed at the following site(s):
	*__checkpoint ⇢ 500 INTERNAL_SERVER_ERROR from POST http://localhost:8089/api/services/app/Customer/CreateOrUpdateCustomer [DefaultWebClient]
Original Stack Trace:
		at org.springframework.web.reactive.function.client.WebClientResponseException.create(WebClientResponseException.java:330) ~[spring-webflux-6.0.10.jar:6.0.10]
		at org.springframework.web.reactive.function.client.DefaultClientResponse.lambda$createException$1(DefaultClientResponse.java:213) ~[spring-webflux-6.0.10.jar:6.0.10]
		at reactor.core.publisher.FluxMap$MapSubscriber.onNext(FluxMap.java:106) ~[reactor-core-3.5.7.jar:3.5.7]
		at reactor.core.publisher.FluxOnErrorReturn$ReturnSubscriber.onNext(FluxOnErrorReturn.java:162) ~[reactor-core-3.5.7.jar:3.5.7]
		at reactor.core.publisher.FluxDefaultIfEmpty$DefaultIfEmptySubscriber.onNext(FluxDefaultIfEmpty.java:122) ~[reactor-core-3.5.7.jar:3.5.7]
		at reactor.core.publisher.FluxMapFuseable$MapFuseableSubscriber.onNext(FluxMapFuseable.java:129) ~[reactor-core-3.5.7.jar:3.5.7]
		at reactor.core.publisher.FluxContextWrite$ContextWriteSubscriber.onNext(FluxContextWrite.java:107) ~[reactor-core-3.5.7.jar:3.5.7]
		at reactor.core.publisher.FluxMapFuseable$MapFuseableConditionalSubscriber.onNext(FluxMapFuseable.java:299) ~[reactor-core-3.5.7.jar:3.5.7]
		at reactor.core.publisher.FluxFilterFuseable$FilterFuseableConditionalSubscriber.onNext(FluxFilterFuseable.java:337) ~[reactor-core-3.5.7.jar:3.5.7]
		at reactor.core.publisher.Operators$BaseFluxToMonoOperator.completePossiblyEmpty(Operators.java:2071) ~[reactor-core-3.5.7.jar:3.5.7]
		at reactor.core.publisher.MonoCollect$CollectSubscriber.onComplete(MonoCollect.java:145) ~[reactor-core-3.5.7.jar:3.5.7]
		at reactor.core.publisher.FluxMap$MapSubscriber.onComplete(FluxMap.java:144) ~[reactor-core-3.5.7.jar:3.5.7]
		at reactor.core.publisher.FluxPeek$PeekSubscriber.onComplete(FluxPeek.java:260) ~[reactor-core-3.5.7.jar:3.5.7]
		at reactor.core.publisher.FluxMap$MapSubscriber.onComplete(FluxMap.java:144) ~[reactor-core-3.5.7.jar:3.5.7]
		at reactor.netty.channel.FluxReceive.onInboundComplete(FluxReceive.java:413) ~[reactor-netty-core-1.1.8.jar:1.1.8]
		at reactor.netty.channel.ChannelOperations.onInboundComplete(ChannelOperations.java:431) ~[reactor-netty-core-1.1.8.jar:1.1.8]
		at reactor.netty.channel.ChannelOperations.terminate(ChannelOperations.java:485) ~[reactor-netty-core-1.1.8.jar:1.1.8]
		at reactor.netty.http.client.HttpClientOperations.onInboundNext(HttpClientOperations.java:712) ~[reactor-netty-http-1.1.8.jar:1.1.8]
		at reactor.netty.channel.ChannelOperationsHandler.channelRead(ChannelOperationsHandler.java:113) ~[reactor-netty-core-1.1.8.jar:1.1.8]
		at io.netty.channel.AbstractChannelHandlerContext.invokeChannelRead(AbstractChannelHandlerContext.java:444) ~[netty-transport-4.1.94.Final.jar:4.1.94.Final]
		at io.netty.channel.AbstractChannelHandlerContext.invokeChannelRead(AbstractChannelHandlerContext.java:420) ~[netty-transport-4.1.94.Final.jar:4.1.94.Final]
		at io.netty.channel.AbstractChannelHandlerContext.fireChannelRead(AbstractChannelHandlerContext.java:412) ~[netty-transport-4.1.94.Final.jar:4.1.94.Final]
		at io.netty.handler.codec.MessageToMessageDecoder.channelRead(MessageToMessageDecoder.java:103) ~[netty-codec-4.1.94.Final.jar:4.1.94.Final]
		at io.netty.channel.AbstractChannelHandlerContext.invokeChannelRead(AbstractChannelHandlerContext.java:444) ~[netty-transport-4.1.94.Final.jar:4.1.94.Final]
		at io.netty.channel.AbstractChannelHandlerContext.invokeChannelRead(AbstractChannelHandlerContext.java:420) ~[netty-transport-4.1.94.Final.jar:4.1.94.Final]
		at io.netty.channel.AbstractChannelHandlerContext.fireChannelRead(AbstractChannelHandlerContext.java:412) ~[netty-transport-4.1.94.Final.jar:4.1.94.Final]
		at io.netty.channel.CombinedChannelDuplexHandler$DelegatingChannelHandlerContext.fireChannelRead(CombinedChannelDuplexHandler.java:436) ~[netty-transport-4.1.94.Final.jar:4.1.94.Final]
		at io.netty.handler.codec.ByteToMessageDecoder.fireChannelRead(ByteToMessageDecoder.java:346) ~[netty-codec-4.1.94.Final.jar:4.1.94.Final]
		at io.netty.handler.codec.ByteToMessageDecoder.channelRead(ByteToMessageDecoder.java:318) ~[netty-codec-4.1.94.Final.jar:4.1.94.Final]
		at io.netty.channel.CombinedChannelDuplexHandler.channelRead(CombinedChannelDuplexHandler.java:251) ~[netty-transport-4.1.94.Final.jar:4.1.94.Final]
		at io.netty.channel.AbstractChannelHandlerContext.invokeChannelRead(AbstractChannelHandlerContext.java:442) ~[netty-transport-4.1.94.Final.jar:4.1.94.Final]
		at io.netty.channel.AbstractChannelHandlerContext.invokeChannelRead(AbstractChannelHandlerContext.java:420) ~[netty-transport-4.1.94.Final.jar:4.1.94.Final]
		at io.netty.channel.AbstractChannelHandlerContext.fireChannelRead(AbstractChannelHandlerContext.java:412) ~[netty-transport-4.1.94.Final.jar:4.1.94.Final]
		at io.netty.channel.DefaultChannelPipeline$HeadContext.channelRead(DefaultChannelPipeline.java:1410) ~[netty-transport-4.1.94.Final.jar:4.1.94.Final]
		at io.netty.channel.AbstractChannelHandlerContext.invokeChannelRead(AbstractChannelHandlerContext.java:440) ~[netty-transport-4.1.94.Final.jar:4.1.94.Final]
		at io.netty.channel.AbstractChannelHandlerContext.invokeChannelRead(AbstractChannelHandlerContext.java:420) ~[netty-transport-4.1.94.Final.jar:4.1.94.Final]
		at io.netty.channel.DefaultChannelPipeline.fireChannelRead(DefaultChannelPipeline.java:919) ~[netty-transport-4.1.94.Final.jar:4.1.94.Final]
		at io.netty.channel.nio.AbstractNioByteChannel$NioByteUnsafe.read(AbstractNioByteChannel.java:166) ~[netty-transport-4.1.94.Final.jar:4.1.94.Final]
		at io.netty.channel.nio.NioEventLoop.processSelectedKey(NioEventLoop.java:788) ~[netty-transport-4.1.94.Final.jar:4.1.94.Final]
		at io.netty.channel.nio.NioEventLoop.processSelectedKeysOptimized(NioEventLoop.java:724) ~[netty-transport-4.1.94.Final.jar:4.1.94.Final]
		at io.netty.channel.nio.NioEventLoop.processSelectedKeys(NioEventLoop.java:650) ~[netty-transport-4.1.94.Final.jar:4.1.94.Final]
		at io.netty.channel.nio.NioEventLoop.run(NioEventLoop.java:562) ~[netty-transport-4.1.94.Final.jar:4.1.94.Final]
		at io.netty.util.concurrent.SingleThreadEventExecutor$4.run(SingleThreadEventExecutor.java:997) ~[netty-common-4.1.94.Final.jar:4.1.94.Final]
		at io.netty.util.internal.ThreadExecutorMap$2.run(ThreadExecutorMap.java:74) ~[netty-common-4.1.94.Final.jar:4.1.94.Final]
		at io.netty.util.concurrent.FastThreadLocalRunnable.run(FastThreadLocalRunnable.java:30) ~[netty-common-4.1.94.Final.jar:4.1.94.Final]
		at java.base/java.lang.Thread.run(Thread.java:1570) ~[na:na]

2025-11-30T16:07:33.119+03:00 ERROR 41008 --- [reactor-http-nio-2] c.controllers.ImportCustomerController   : rentey-service error details - Status: 500 INTERNAL_SERVER_ERROR, Response: {"timestamp":"2025-11-30T13:07:33.040+00:00","status":500,"error":"Internal Server Error","path":"/api/services/app/Customer/CreateOrUpdateCustomer"}
2025-11-30T16:08:42.743+03:00  INFO 41008 --- [http-nio-8090-exec-5] com.services.RenteyServiceManager        : rentey-service is already running on port 8089
2025-11-30T16:08:42.781+03:00 ERROR 41008 --- [reactor-http-nio-3] com.clients.RenteyServiceClient          : rentey-service returned error - Status: 500 INTERNAL_SERVER_ERROR, Response Body: {"timestamp":"2025-11-30T13:08:42.776+00:00","status":500,"error":"Internal Server Error","path":"/api/services/app/Customer/CreateOrUpdateCustomer"}
2025-11-30T16:08:42.781+03:00 ERROR 41008 --- [reactor-http-nio-3] c.controllers.ImportCustomerController   : Error creating/updating customer: 500 Internal Server Error from POST http://localhost:8089/api/services/app/Customer/CreateOrUpdateCustomer

org.springframework.web.reactive.function.client.WebClientResponseException$InternalServerError: 500 Internal Server Error from POST http://localhost:8089/api/services/app/Customer/CreateOrUpdateCustomer
	at org.springframework.web.reactive.function.client.WebClientResponseException.create(WebClientResponseException.java:330) ~[spring-webflux-6.0.10.jar:6.0.10]
	Suppressed: reactor.core.publisher.FluxOnAssembly$OnAssemblyException: 
Error has been observed at the following site(s):
	*__checkpoint ⇢ 500 INTERNAL_SERVER_ERROR from POST http://localhost:8089/api/services/app/Customer/CreateOrUpdateCustomer [DefaultWebClient]
Original Stack Trace:
		at org.springframework.web.reactive.function.client.WebClientResponseException.create(WebClientResponseException.java:330) ~[spring-webflux-6.0.10.jar:6.0.10]
		at org.springframework.web.reactive.function.client.DefaultClientResponse.lambda$createException$1(DefaultClientResponse.java:213) ~[spring-webflux-6.0.10.jar:6.0.10]
		at reactor.core.publisher.FluxMap$MapSubscriber.onNext(FluxMap.java:106) ~[reactor-core-3.5.7.jar:3.5.7]
		at reactor.core.publisher.FluxOnErrorReturn$ReturnSubscriber.onNext(FluxOnErrorReturn.java:162) ~[reactor-core-3.5.7.jar:3.5.7]
		at reactor.core.publisher.FluxDefaultIfEmpty$DefaultIfEmptySubscriber.onNext(FluxDefaultIfEmpty.java:122) ~[reactor-core-3.5.7.jar:3.5.7]
		at reactor.core.publisher.FluxMapFuseable$MapFuseableSubscriber.onNext(FluxMapFuseable.java:129) ~[reactor-core-3.5.7.jar:3.5.7]
		at reactor.core.publisher.FluxContextWrite$ContextWriteSubscriber.onNext(FluxContextWrite.java:107) ~[reactor-core-3.5.7.jar:3.5.7]
		at reactor.core.publisher.FluxMapFuseable$MapFuseableConditionalSubscriber.onNext(FluxMapFuseable.java:299) ~[reactor-core-3.5.7.jar:3.5.7]
		at reactor.core.publisher.FluxFilterFuseable$FilterFuseableConditionalSubscriber.onNext(FluxFilterFuseable.java:337) ~[reactor-core-3.5.7.jar:3.5.7]
		at reactor.core.publisher.Operators$BaseFluxToMonoOperator.completePossiblyEmpty(Operators.java:2071) ~[reactor-core-3.5.7.jar:3.5.7]
		at reactor.core.publisher.MonoCollect$CollectSubscriber.onComplete(MonoCollect.java:145) ~[reactor-core-3.5.7.jar:3.5.7]
		at reactor.core.publisher.FluxMap$MapSubscriber.onComplete(FluxMap.java:144) ~[reactor-core-3.5.7.jar:3.5.7]
		at reactor.core.publisher.FluxPeek$PeekSubscriber.onComplete(FluxPeek.java:260) ~[reactor-core-3.5.7.jar:3.5.7]
		at reactor.core.publisher.FluxMap$MapSubscriber.onComplete(FluxMap.java:144) ~[reactor-core-3.5.7.jar:3.5.7]
		at reactor.netty.channel.FluxReceive.onInboundComplete(FluxReceive.java:413) ~[reactor-netty-core-1.1.8.jar:1.1.8]
		at reactor.netty.channel.ChannelOperations.onInboundComplete(ChannelOperations.java:431) ~[reactor-netty-core-1.1.8.jar:1.1.8]
		at reactor.netty.channel.ChannelOperations.terminate(ChannelOperations.java:485) ~[reactor-netty-core-1.1.8.jar:1.1.8]
		at reactor.netty.http.client.HttpClientOperations.onInboundNext(HttpClientOperations.java:712) ~[reactor-netty-http-1.1.8.jar:1.1.8]
		at reactor.netty.channel.ChannelOperationsHandler.channelRead(ChannelOperationsHandler.java:113) ~[reactor-netty-core-1.1.8.jar:1.1.8]
		at io.netty.channel.AbstractChannelHandlerContext.invokeChannelRead(AbstractChannelHandlerContext.java:444) ~[netty-transport-4.1.94.Final.jar:4.1.94.Final]
		at io.netty.channel.AbstractChannelHandlerContext.invokeChannelRead(AbstractChannelHandlerContext.java:420) ~[netty-transport-4.1.94.Final.jar:4.1.94.Final]
		at io.netty.channel.AbstractChannelHandlerContext.fireChannelRead(AbstractChannelHandlerContext.java:412) ~[netty-transport-4.1.94.Final.jar:4.1.94.Final]
		at io.netty.handler.codec.MessageToMessageDecoder.channelRead(MessageToMessageDecoder.java:103) ~[netty-codec-4.1.94.Final.jar:4.1.94.Final]
		at io.netty.channel.AbstractChannelHandlerContext.invokeChannelRead(AbstractChannelHandlerContext.java:444) ~[netty-transport-4.1.94.Final.jar:4.1.94.Final]
		at io.netty.channel.AbstractChannelHandlerContext.invokeChannelRead(AbstractChannelHandlerContext.java:420) ~[netty-transport-4.1.94.Final.jar:4.1.94.Final]
		at io.netty.channel.AbstractChannelHandlerContext.fireChannelRead(AbstractChannelHandlerContext.java:412) ~[netty-transport-4.1.94.Final.jar:4.1.94.Final]
		at io.netty.channel.CombinedChannelDuplexHandler$DelegatingChannelHandlerContext.fireChannelRead(CombinedChannelDuplexHandler.java:436) ~[netty-transport-4.1.94.Final.jar:4.1.94.Final]
		at io.netty.handler.codec.ByteToMessageDecoder.fireChannelRead(ByteToMessageDecoder.java:346) ~[netty-codec-4.1.94.Final.jar:4.1.94.Final]
		at io.netty.handler.codec.ByteToMessageDecoder.channelRead(ByteToMessageDecoder.java:318) ~[netty-codec-4.1.94.Final.jar:4.1.94.Final]
		at io.netty.channel.CombinedChannelDuplexHandler.channelRead(CombinedChannelDuplexHandler.java:251) ~[netty-transport-4.1.94.Final.jar:4.1.94.Final]
		at io.netty.channel.AbstractChannelHandlerContext.invokeChannelRead(AbstractChannelHandlerContext.java:442) ~[netty-transport-4.1.94.Final.jar:4.1.94.Final]
		at io.netty.channel.AbstractChannelHandlerContext.invokeChannelRead(AbstractChannelHandlerContext.java:420) ~[netty-transport-4.1.94.Final.jar:4.1.94.Final]
		at io.netty.channel.AbstractChannelHandlerContext.fireChannelRead(AbstractChannelHandlerContext.java:412) ~[netty-transport-4.1.94.Final.jar:4.1.94.Final]
		at io.netty.channel.DefaultChannelPipeline$HeadContext.channelRead(DefaultChannelPipeline.java:1410) ~[netty-transport-4.1.94.Final.jar:4.1.94.Final]
		at io.netty.channel.AbstractChannelHandlerContext.invokeChannelRead(AbstractChannelHandlerContext.java:440) ~[netty-transport-4.1.94.Final.jar:4.1.94.Final]
		at io.netty.channel.AbstractChannelHandlerContext.invokeChannelRead(AbstractChannelHandlerContext.java:420) ~[netty-transport-4.1.94.Final.jar:4.1.94.Final]
		at io.netty.channel.DefaultChannelPipeline.fireChannelRead(DefaultChannelPipeline.java:919) ~[netty-transport-4.1.94.Final.jar:4.1.94.Final]
		at io.netty.channel.nio.AbstractNioByteChannel$NioByteUnsafe.read(AbstractNioByteChannel.java:166) ~[netty-transport-4.1.94.Final.jar:4.1.94.Final]
		at io.netty.channel.nio.NioEventLoop.processSelectedKey(NioEventLoop.java:788) ~[netty-transport-4.1.94.Final.jar:4.1.94.Final]
		at io.netty.channel.nio.NioEventLoop.processSelectedKeysOptimized(NioEventLoop.java:724) ~[netty-transport-4.1.94.Final.jar:4.1.94.Final]
		at io.netty.channel.nio.NioEventLoop.processSelectedKeys(NioEventLoop.java:650) ~[netty-transport-4.1.94.Final.jar:4.1.94.Final]
		at io.netty.channel.nio.NioEventLoop.run(NioEventLoop.java:562) ~[netty-transport-4.1.94.Final.jar:4.1.94.Final]
		at io.netty.util.concurrent.SingleThreadEventExecutor$4.run(SingleThreadEventExecutor.java:997) ~[netty-common-4.1.94.Final.jar:4.1.94.Final]
		at io.netty.util.internal.ThreadExecutorMap$2.run(ThreadExecutorMap.java:74) ~[netty-common-4.1.94.Final.jar:4.1.94.Final]
		at io.netty.util.concurrent.FastThreadLocalRunnable.run(FastThreadLocalRunnable.java:30) ~[netty-common-4.1.94.Final.jar:4.1.94.Final]
		at java.base/java.lang.Thread.run(Thread.java:1570) ~[na:na]

2025-11-30T16:08:42.781+03:00 ERROR 41008 --- [reactor-http-nio-3] c.controllers.ImportCustomerController   : rentey-service error details - Status: 500 INTERNAL_SERVER_ERROR, Response: {"timestamp":"2025-11-30T13:08:42.776+00:00","status":500,"error":"Internal Server Error","path":"/api/services/app/Customer/CreateOrUpdateCustomer"}
2025-11-30T16:11:11.622+03:00  INFO 82128 --- [main] com.ImportCustomerServiceApplication     : Starting ImportCustomerServiceApplication using Java 22.0.2 with PID 82128 (D:\TradesAnalysis\rentey-automation\import-customer-service\target\classes started by eyadm in D:\TradesAnalysis\rentey-automation)
2025-11-30T16:11:11.622+03:00 DEBUG 82128 --- [main] com.ImportCustomerServiceApplication     : Running with Spring Boot v3.1.1, Spring v6.0.10
2025-11-30T16:11:11.623+03:00  INFO 82128 --- [main] com.ImportCustomerServiceApplication     : No active profile set, falling back to 1 default profile: "default"
2025-11-30T16:11:12.712+03:00  INFO 82128 --- [main] o.s.b.w.embedded.tomcat.TomcatWebServer  : Tomcat initialized with port(s): 8090 (http)
2025-11-30T16:11:12.718+03:00  INFO 82128 --- [main] o.apache.catalina.core.StandardService   : Starting service [Tomcat]
2025-11-30T16:11:12.718+03:00  INFO 82128 --- [main] o.apache.catalina.core.StandardEngine    : Starting Servlet engine: [Apache Tomcat/10.1.10]
2025-11-30T16:11:12.787+03:00  INFO 82128 --- [main] o.a.c.c.C.[Tomcat].[localhost].[/]       : Initializing Spring embedded WebApplicationContext
2025-11-30T16:11:12.789+03:00  INFO 82128 --- [main] w.s.c.ServletWebServerApplicationContext : Root WebApplicationContext: initialization completed in 1124 ms
2025-11-30T16:11:12.914+03:00 DEBUG 82128 --- [main] com.services.RenteyServiceManager        : Found project root at: D:\TradesAnalysis\rentey-automation
2025-11-30T16:11:13.196+03:00  INFO 82128 --- [main] o.s.b.w.embedded.tomcat.TomcatWebServer  : Tomcat started on port(s): 8090 (http) with context path ''
2025-11-30T16:11:13.206+03:00  INFO 82128 --- [main] com.ImportCustomerServiceApplication     : Started ImportCustomerServiceApplication in 1.99 seconds (process running for 2.255)
2025-11-30T16:11:14.822+03:00  INFO 82128 --- [http-nio-8090-exec-1] o.a.c.c.C.[Tomcat].[localhost].[/]       : Initializing Spring DispatcherServlet 'dispatcherServlet'
2025-11-30T16:11:14.822+03:00  INFO 82128 --- [http-nio-8090-exec-1] o.s.web.servlet.DispatcherServlet        : Initializing Servlet 'dispatcherServlet'
2025-11-30T16:11:14.823+03:00  INFO 82128 --- [http-nio-8090-exec-1] o.s.web.servlet.DispatcherServlet        : Completed initialization in 1 ms
2025-11-30T16:11:14.951+03:00  INFO 82128 --- [http-nio-8090-exec-1] com.services.RenteyServiceManager        : rentey-service is already running on port 8089
2025-11-30T16:11:15.227+03:00 ERROR 82128 --- [reactor-http-nio-2] com.clients.RenteyServiceClient          : rentey-service returned error - Status: 500 INTERNAL_SERVER_ERROR, Response Body: {"timestamp":"2025-11-30T13:11:15.186+00:00","status":500,"error":"Internal Server Error","path":"/api/services/app/Customer/CreateOrUpdateCustomer"}
2025-11-30T16:11:15.227+03:00 ERROR 82128 --- [reactor-http-nio-2] c.controllers.ImportCustomerController   : Error creating/updating customer: 500 Internal Server Error from POST http://localhost:8089/api/services/app/Customer/CreateOrUpdateCustomer

org.springframework.web.reactive.function.client.WebClientResponseException$InternalServerError: 500 Internal Server Error from POST http://localhost:8089/api/services/app/Customer/CreateOrUpdateCustomer
	at org.springframework.web.reactive.function.client.WebClientResponseException.create(WebClientResponseException.java:330) ~[spring-webflux-6.0.10.jar:6.0.10]
	Suppressed: reactor.core.publisher.FluxOnAssembly$OnAssemblyException: 
Error has been observed at the following site(s):
	*__checkpoint ⇢ 500 INTERNAL_SERVER_ERROR from POST http://localhost:8089/api/services/app/Customer/CreateOrUpdateCustomer [DefaultWebClient]
Original Stack Trace:
		at org.springframework.web.reactive.function.client.WebClientResponseException.create(WebClientResponseException.java:330) ~[spring-webflux-6.0.10.jar:6.0.10]
		at org.springframework.web.reactive.function.client.DefaultClientResponse.lambda$createException$1(DefaultClientResponse.java:213) ~[spring-webflux-6.0.10.jar:6.0.10]
		at reactor.core.publisher.FluxMap$MapSubscriber.onNext(FluxMap.java:106) ~[reactor-core-3.5.7.jar:3.5.7]
		at reactor.core.publisher.FluxOnErrorReturn$ReturnSubscriber.onNext(FluxOnErrorReturn.java:162) ~[reactor-core-3.5.7.jar:3.5.7]
		at reactor.core.publisher.FluxDefaultIfEmpty$DefaultIfEmptySubscriber.onNext(FluxDefaultIfEmpty.java:122) ~[reactor-core-3.5.7.jar:3.5.7]
		at reactor.core.publisher.FluxMapFuseable$MapFuseableSubscriber.onNext(FluxMapFuseable.java:129) ~[reactor-core-3.5.7.jar:3.5.7]
		at reactor.core.publisher.FluxContextWrite$ContextWriteSubscriber.onNext(FluxContextWrite.java:107) ~[reactor-core-3.5.7.jar:3.5.7]
		at reactor.core.publisher.FluxMapFuseable$MapFuseableConditionalSubscriber.onNext(FluxMapFuseable.java:299) ~[reactor-core-3.5.7.jar:3.5.7]
		at reactor.core.publisher.FluxFilterFuseable$FilterFuseableConditionalSubscriber.onNext(FluxFilterFuseable.java:337) ~[reactor-core-3.5.7.jar:3.5.7]
		at reactor.core.publisher.Operators$BaseFluxToMonoOperator.completePossiblyEmpty(Operators.java:2071) ~[reactor-core-3.5.7.jar:3.5.7]
		at reactor.core.publisher.MonoCollect$CollectSubscriber.onComplete(MonoCollect.java:145) ~[reactor-core-3.5.7.jar:3.5.7]
		at reactor.core.publisher.FluxMap$MapSubscriber.onComplete(FluxMap.java:144) ~[reactor-core-3.5.7.jar:3.5.7]
		at reactor.core.publisher.FluxPeek$PeekSubscriber.onComplete(FluxPeek.java:260) ~[reactor-core-3.5.7.jar:3.5.7]
		at reactor.core.publisher.FluxMap$MapSubscriber.onComplete(FluxMap.java:144) ~[reactor-core-3.5.7.jar:3.5.7]
		at reactor.netty.channel.FluxReceive.onInboundComplete(FluxReceive.java:413) ~[reactor-netty-core-1.1.8.jar:1.1.8]
		at reactor.netty.channel.ChannelOperations.onInboundComplete(ChannelOperations.java:431) ~[reactor-netty-core-1.1.8.jar:1.1.8]
		at reactor.netty.channel.ChannelOperations.terminate(ChannelOperations.java:485) ~[reactor-netty-core-1.1.8.jar:1.1.8]
		at reactor.netty.http.client.HttpClientOperations.onInboundNext(HttpClientOperations.java:712) ~[reactor-netty-http-1.1.8.jar:1.1.8]
		at reactor.netty.channel.ChannelOperationsHandler.channelRead(ChannelOperationsHandler.java:113) ~[reactor-netty-core-1.1.8.jar:1.1.8]
		at io.netty.channel.AbstractChannelHandlerContext.invokeChannelRead(AbstractChannelHandlerContext.java:444) ~[netty-transport-4.1.94.Final.jar:4.1.94.Final]
		at io.netty.channel.AbstractChannelHandlerContext.invokeChannelRead(AbstractChannelHandlerContext.java:420) ~[netty-transport-4.1.94.Final.jar:4.1.94.Final]
		at io.netty.channel.AbstractChannelHandlerContext.fireChannelRead(AbstractChannelHandlerContext.java:412) ~[netty-transport-4.1.94.Final.jar:4.1.94.Final]
		at io.netty.handler.codec.MessageToMessageDecoder.channelRead(MessageToMessageDecoder.java:103) ~[netty-codec-4.1.94.Final.jar:4.1.94.Final]
		at io.netty.channel.AbstractChannelHandlerContext.invokeChannelRead(AbstractChannelHandlerContext.java:444) ~[netty-transport-4.1.94.Final.jar:4.1.94.Final]
		at io.netty.channel.AbstractChannelHandlerContext.invokeChannelRead(AbstractChannelHandlerContext.java:420) ~[netty-transport-4.1.94.Final.jar:4.1.94.Final]
		at io.netty.channel.AbstractChannelHandlerContext.fireChannelRead(AbstractChannelHandlerContext.java:412) ~[netty-transport-4.1.94.Final.jar:4.1.94.Final]
		at io.netty.channel.CombinedChannelDuplexHandler$DelegatingChannelHandlerContext.fireChannelRead(CombinedChannelDuplexHandler.java:436) ~[netty-transport-4.1.94.Final.jar:4.1.94.Final]
		at io.netty.handler.codec.ByteToMessageDecoder.fireChannelRead(ByteToMessageDecoder.java:346) ~[netty-codec-4.1.94.Final.jar:4.1.94.Final]
		at io.netty.handler.codec.ByteToMessageDecoder.channelRead(ByteToMessageDecoder.java:318) ~[netty-codec-4.1.94.Final.jar:4.1.94.Final]
		at io.netty.channel.CombinedChannelDuplexHandler.channelRead(CombinedChannelDuplexHandler.java:251) ~[netty-transport-4.1.94.Final.jar:4.1.94.Final]
		at io.netty.channel.AbstractChannelHandlerContext.invokeChannelRead(AbstractChannelHandlerContext.java:442) ~[netty-transport-4.1.94.Final.jar:4.1.94.Final]
		at io.netty.channel.AbstractChannelHandlerContext.invokeChannelRead(AbstractChannelHandlerContext.java:420) ~[netty-transport-4.1.94.Final.jar:4.1.94.Final]
		at io.netty.channel.AbstractChannelHandlerContext.fireChannelRead(AbstractChannelHandlerContext.java:412) ~[netty-transport-4.1.94.Final.jar:4.1.94.Final]
		at io.netty.channel.DefaultChannelPipeline$HeadContext.channelRead(DefaultChannelPipeline.java:1410) ~[netty-transport-4.1.94.Final.jar:4.1.94.Final]
		at io.netty.channel.AbstractChannelHandlerContext.invokeChannelRead(AbstractChannelHandlerContext.java:440) ~[netty-transport-4.1.94.Final.jar:4.1.94.Final]
		at io.netty.channel.AbstractChannelHandlerContext.invokeChannelRead(AbstractChannelHandlerContext.java:420) ~[netty-transport-4.1.94.Final.jar:4.1.94.Final]
		at io.netty.channel.DefaultChannelPipeline.fireChannelRead(DefaultChannelPipeline.java:919) ~[netty-transport-4.1.94.Final.jar:4.1.94.Final]
		at io.netty.channel.nio.AbstractNioByteChannel$NioByteUnsafe.read(AbstractNioByteChannel.java:166) ~[netty-transport-4.1.94.Final.jar:4.1.94.Final]
		at io.netty.channel.nio.NioEventLoop.processSelectedKey(NioEventLoop.java:788) ~[netty-transport-4.1.94.Final.jar:4.1.94.Final]
		at io.netty.channel.nio.NioEventLoop.processSelectedKeysOptimized(NioEventLoop.java:724) ~[netty-transport-4.1.94.Final.jar:4.1.94.Final]
		at io.netty.channel.nio.NioEventLoop.processSelectedKeys(NioEventLoop.java:650) ~[netty-transport-4.1.94.Final.jar:4.1.94.Final]
		at io.netty.channel.nio.NioEventLoop.run(NioEventLoop.java:562) ~[netty-transport-4.1.94.Final.jar:4.1.94.Final]
		at io.netty.util.concurrent.SingleThreadEventExecutor$4.run(SingleThreadEventExecutor.java:997) ~[netty-common-4.1.94.Final.jar:4.1.94.Final]
		at io.netty.util.internal.ThreadExecutorMap$2.run(ThreadExecutorMap.java:74) ~[netty-common-4.1.94.Final.jar:4.1.94.Final]
		at io.netty.util.concurrent.FastThreadLocalRunnable.run(FastThreadLocalRunnable.java:30) ~[netty-common-4.1.94.Final.jar:4.1.94.Final]
		at java.base/java.lang.Thread.run(Thread.java:1570) ~[na:na]

2025-11-30T16:11:15.231+03:00 ERROR 82128 --- [reactor-http-nio-2] c.controllers.ImportCustomerController   : rentey-service error details - Status: 500 INTERNAL_SERVER_ERROR, Response: {"timestamp":"2025-11-30T13:11:15.186+00:00","status":500,"error":"Internal Server Error","path":"/api/services/app/Customer/CreateOrUpdateCustomer"}
